0 info it worked if it ends with ok
1 verbose cli [ '/usr/bin/nodejs', '/usr/bin/npm', 'install', 'node' ]
2 info using npm@3.5.2
3 info using node@v4.2.6
4 silly loadCurrentTree Starting
5 silly install loadCurrentTree
6 silly install readLocalPackageData
7 silly fetchPackageMetaData node
8 silly fetchNamedPackageData node
9 silly mapToRegistry name node
10 silly mapToRegistry using default registry
11 silly mapToRegistry registry https://registry.npmjs.org/
12 silly mapToRegistry uri https://registry.npmjs.org/node
13 verbose request uri https://registry.npmjs.org/node
14 verbose request no auth needed
15 info attempt registry request try #1 at 1:41:24 PM
16 verbose request id b7354d277bef845c
17 verbose etag "5a278d7f-520c4"
18 verbose lastModified Wed, 6 Dec 2017 6:26:07 GMT
19 http request GET https://registry.npmjs.org/node
20 http 304 https://registry.npmjs.org/node
21 verbose headers { date: 'Fri, 08 Dec 2017 18:41:24 GMT',
21 verbose headers   via: '1.1 varnish',
21 verbose headers   'cache-control': 'max-age=300',
21 verbose headers   etag: '"5a278d7f-520c4"',
21 verbose headers   age: '153',
21 verbose headers   connection: 'keep-alive',
21 verbose headers   'x-served-by': 'cache-dca17725-DCA',
21 verbose headers   'x-cache': 'HIT',
21 verbose headers   'x-cache-hits': '1',
21 verbose headers   'x-timer': 'S1512758484.026024,VS0,VE1',
21 verbose headers   vary: 'Accept-Encoding, Accept' }
22 silly get cb [ 304,
22 silly get   { date: 'Fri, 08 Dec 2017 18:41:24 GMT',
22 silly get     via: '1.1 varnish',
22 silly get     'cache-control': 'max-age=300',
22 silly get     etag: '"5a278d7f-520c4"',
22 silly get     age: '153',
22 silly get     connection: 'keep-alive',
22 silly get     'x-served-by': 'cache-dca17725-DCA',
22 silly get     'x-cache': 'HIT',
22 silly get     'x-cache-hits': '1',
22 silly get     'x-timer': 'S1512758484.026024,VS0,VE1',
22 silly get     vary: 'Accept-Encoding, Accept' } ]
23 verbose etag https://registry.npmjs.org/node from cache
24 verbose get saving node to /home/edw/.npm/registry.npmjs.org/node/.cache.json
25 silly install normalizeTree
26 silly loadCurrentTree Finishing
27 silly loadIdealTree Starting
28 silly install loadIdealTree
29 silly cloneCurrentTree Starting
30 silly install cloneCurrentTreeToIdealTree
31 silly cloneCurrentTree Finishing
32 silly loadShrinkwrap Starting
33 silly install loadShrinkwrap
34 silly loadShrinkwrap Finishing
35 silly loadAllDepsIntoIdealTree Starting
36 silly install loadAllDepsIntoIdealTree
37 silly resolveWithNewModule node@9.2.0 checking installable status
38 silly cache add args [ 'node', null ]
39 verbose cache add spec node
40 silly cache add parsed spec Result {
40 silly cache add   raw: 'node',
40 silly cache add   scope: null,
40 silly cache add   name: 'node',
40 silly cache add   rawSpec: '',
40 silly cache add   spec: 'latest',
40 silly cache add   type: 'tag' }
41 silly addNamed node@latest
42 verbose addNamed "latest" is being treated as a dist-tag for node
43 info addNameTag [ 'node', 'latest' ]
44 silly mapToRegistry name node
45 silly mapToRegistry using default registry
46 silly mapToRegistry registry https://registry.npmjs.org/
47 silly mapToRegistry uri https://registry.npmjs.org/node
48 verbose addNameTag registry:https://registry.npmjs.org/node not in flight; fetching
49 verbose get https://registry.npmjs.org/node not expired, no request
50 silly addNameTag next cb for node with tag latest
51 silly addNamed node@9.2.0
52 verbose addNamed "9.2.0" is a plain semver version for node
53 silly cache afterAdd node@9.2.0
54 verbose afterAdd /home/edw/.npm/node/9.2.0/package/package.json not in flight; writing
55 verbose afterAdd /home/edw/.npm/node/9.2.0/package/package.json written
56 silly fetchNamedPackageData node-bin-setup
57 silly mapToRegistry name node-bin-setup
58 silly mapToRegistry using default registry
59 silly mapToRegistry registry https://registry.npmjs.org/
60 silly mapToRegistry uri https://registry.npmjs.org/node-bin-setup
61 verbose request uri https://registry.npmjs.org/node-bin-setup
62 verbose request no auth needed
63 info attempt registry request try #1 at 1:41:25 PM
64 verbose etag "5976bbea-1511"
65 verbose lastModified Tue, 25 Jul 2017 3:32:58 GMT
66 http request GET https://registry.npmjs.org/node-bin-setup
67 http 304 https://registry.npmjs.org/node-bin-setup
68 verbose headers { date: 'Fri, 08 Dec 2017 18:41:24 GMT',
68 verbose headers   via: '1.1 varnish',
68 verbose headers   'cache-control': 'max-age=300',
68 verbose headers   etag: '"5976bbea-1511"',
68 verbose headers   age: '153',
68 verbose headers   connection: 'keep-alive',
68 verbose headers   'x-served-by': 'cache-dca17733-DCA',
68 verbose headers   'x-cache': 'HIT',
68 verbose headers   'x-cache-hits': '1',
68 verbose headers   'x-timer': 'S1512758484.281756,VS0,VE1',
68 verbose headers   vary: 'Accept-Encoding, Accept' }
69 silly get cb [ 304,
69 silly get   { date: 'Fri, 08 Dec 2017 18:41:24 GMT',
69 silly get     via: '1.1 varnish',
69 silly get     'cache-control': 'max-age=300',
69 silly get     etag: '"5976bbea-1511"',
69 silly get     age: '153',
69 silly get     connection: 'keep-alive',
69 silly get     'x-served-by': 'cache-dca17733-DCA',
69 silly get     'x-cache': 'HIT',
69 silly get     'x-cache-hits': '1',
69 silly get     'x-timer': 'S1512758484.281756,VS0,VE1',
69 silly get     vary: 'Accept-Encoding, Accept' } ]
70 verbose etag https://registry.npmjs.org/node-bin-setup from cache
71 verbose get saving node-bin-setup to /home/edw/.npm/registry.npmjs.org/node-bin-setup/.cache.json
72 silly resolveWithNewModule node-bin-setup@1.0.6 checking installable status
73 silly cache add args [ 'node-bin-setup@^1.0.0', null ]
74 verbose cache add spec node-bin-setup@^1.0.0
75 silly cache add parsed spec Result {
75 silly cache add   raw: 'node-bin-setup@^1.0.0',
75 silly cache add   scope: null,
75 silly cache add   name: 'node-bin-setup',
75 silly cache add   rawSpec: '^1.0.0',
75 silly cache add   spec: '>=1.0.0 <2.0.0',
75 silly cache add   type: 'range' }
76 silly addNamed node-bin-setup@>=1.0.0 <2.0.0
77 verbose addNamed ">=1.0.0 <2.0.0" is a valid semver range for node-bin-setup
78 silly addNameRange { name: 'node-bin-setup',
78 silly addNameRange   range: '>=1.0.0 <2.0.0',
78 silly addNameRange   hasData: false }
79 silly mapToRegistry name node-bin-setup
80 silly mapToRegistry using default registry
81 silly mapToRegistry registry https://registry.npmjs.org/
82 silly mapToRegistry uri https://registry.npmjs.org/node-bin-setup
83 verbose addNameRange registry:https://registry.npmjs.org/node-bin-setup not in flight; fetching
84 verbose get https://registry.npmjs.org/node-bin-setup not expired, no request
85 silly addNameRange number 2 { name: 'node-bin-setup',
85 silly addNameRange   range: '>=1.0.0 <2.0.0',
85 silly addNameRange   hasData: true }
86 silly addNameRange versions [ 'node-bin-setup',
86 silly addNameRange   [ '1.0.0', '1.0.1', '1.0.2', '1.0.3', '1.0.4', '1.0.6' ] ]
87 silly addNamed node-bin-setup@1.0.6
88 verbose addNamed "1.0.6" is a plain semver version for node-bin-setup
89 silly cache afterAdd node-bin-setup@1.0.6
90 verbose afterAdd /home/edw/.npm/node-bin-setup/1.0.6/package/package.json not in flight; writing
91 verbose afterAdd /home/edw/.npm/node-bin-setup/1.0.6/package/package.json written
92 silly loadAllDepsIntoIdealTree Finishing
93 silly idealTree:prePrune radicaleinward.github.io@1.0.0
93 silly idealTree:prePrune ├── accepts@1.3.4
93 silly idealTree:prePrune ├── array-flatten@1.1.1
93 silly idealTree:prePrune ├── async@2.1.4
93 silly idealTree:prePrune ├── bluebird@3.5.0
93 silly idealTree:prePrune ├── body-parser@1.18.2
93 silly idealTree:prePrune ├── bson@1.0.4
93 silly idealTree:prePrune ├── buffer-shims@1.0.0
93 silly idealTree:prePrune ├── bytes@3.0.0
93 silly idealTree:prePrune ├── content-disposition@0.5.2
93 silly idealTree:prePrune ├── content-type@1.0.4
93 silly idealTree:prePrune ├── cookie-signature@1.0.6
93 silly idealTree:prePrune ├── cookie@0.3.1
93 silly idealTree:prePrune ├── core-util-is@1.0.2
93 silly idealTree:prePrune ├── debug@2.6.9
93 silly idealTree:prePrune ├── depd@1.1.1
93 silly idealTree:prePrune ├── destroy@1.0.4
93 silly idealTree:prePrune ├── ee-first@1.1.1
93 silly idealTree:prePrune ├── ejs@2.5.7
93 silly idealTree:prePrune ├── encodeurl@1.0.1
93 silly idealTree:prePrune ├── es6-promise@3.2.1
93 silly idealTree:prePrune ├── escape-html@1.0.3
93 silly idealTree:prePrune ├── etag@1.8.1
93 silly idealTree:prePrune ├─┬ express@4.16.2
93 silly idealTree:prePrune │ ├── setprototypeof@1.1.0
93 silly idealTree:prePrune │ └── statuses@1.3.1
93 silly idealTree:prePrune ├─┬ finalhandler@1.1.0
93 silly idealTree:prePrune │ └── statuses@1.3.1
93 silly idealTree:prePrune ├── forwarded@0.1.2
93 silly idealTree:prePrune ├── fresh@0.5.2
93 silly idealTree:prePrune ├── hooks-fixed@2.0.2
93 silly idealTree:prePrune ├── http-errors@1.6.2
93 silly idealTree:prePrune ├── iconv-lite@0.4.19
93 silly idealTree:prePrune ├── inherits@2.0.3
93 silly idealTree:prePrune ├── ipaddr.js@1.5.2
93 silly idealTree:prePrune ├── isarray@1.0.0
93 silly idealTree:prePrune ├── kareem@1.5.0
93 silly idealTree:prePrune ├── lodash.get@4.4.2
93 silly idealTree:prePrune ├── lodash@4.17.4
93 silly idealTree:prePrune ├── media-typer@0.3.0
93 silly idealTree:prePrune ├── merge-descriptors@1.0.1
93 silly idealTree:prePrune ├── methods@1.1.2
93 silly idealTree:prePrune ├── mime-db@1.30.0
93 silly idealTree:prePrune ├── mime-types@2.1.17
93 silly idealTree:prePrune ├── mime@1.4.1
93 silly idealTree:prePrune ├── mongodb-core@2.1.17
93 silly idealTree:prePrune ├── mongodb@2.2.33
93 silly idealTree:prePrune ├── mongoose@4.13.6
93 silly idealTree:prePrune ├── mpath@0.3.0
93 silly idealTree:prePrune ├── mpromise@0.5.5
93 silly idealTree:prePrune ├─┬ mquery@2.3.3
93 silly idealTree:prePrune │ └── sliced@0.0.5
93 silly idealTree:prePrune ├── ms@2.0.0
93 silly idealTree:prePrune ├── muri@1.3.0
93 silly idealTree:prePrune ├── negotiator@0.6.1
93 silly idealTree:prePrune ├── node-bin-setup@1.0.6
93 silly idealTree:prePrune ├── node@9.2.0
93 silly idealTree:prePrune ├── nodejs@0.0.0
93 silly idealTree:prePrune ├── on-finished@2.3.0
93 silly idealTree:prePrune ├── parseurl@1.3.2
93 silly idealTree:prePrune ├── path-to-regexp@0.1.7
93 silly idealTree:prePrune ├── process-nextick-args@1.0.7
93 silly idealTree:prePrune ├── proxy-addr@2.0.2
93 silly idealTree:prePrune ├── qs@6.5.1
93 silly idealTree:prePrune ├── range-parser@1.2.0
93 silly idealTree:prePrune ├── raw-body@2.3.2
93 silly idealTree:prePrune ├── readable-stream@2.2.7
93 silly idealTree:prePrune ├── regexp-clone@0.0.1
93 silly idealTree:prePrune ├── require_optional@1.0.1
93 silly idealTree:prePrune ├── resolve-from@2.0.0
93 silly idealTree:prePrune ├── safe-buffer@5.1.1
93 silly idealTree:prePrune ├── semver@5.4.1
93 silly idealTree:prePrune ├─┬ send@0.16.1
93 silly idealTree:prePrune │ └── statuses@1.3.1
93 silly idealTree:prePrune ├── serve-static@1.13.1
93 silly idealTree:prePrune ├── setprototypeof@1.0.3
93 silly idealTree:prePrune ├── sliced@1.0.1
93 silly idealTree:prePrune ├── statuses@1.4.0
93 silly idealTree:prePrune ├── string_decoder@1.0.3
93 silly idealTree:prePrune ├── type-is@1.6.15
93 silly idealTree:prePrune ├── unpipe@1.0.0
93 silly idealTree:prePrune ├── util-deprecate@1.0.2
93 silly idealTree:prePrune ├── utils-merge@1.0.1
93 silly idealTree:prePrune └── vary@1.1.2
94 silly loadIdealTree Finishing
95 silly currentTree radicaleinward.github.io@1.0.0
95 silly currentTree ├── accepts@1.3.4
95 silly currentTree ├── array-flatten@1.1.1
95 silly currentTree ├── async@2.1.4
95 silly currentTree ├── bluebird@3.5.0
95 silly currentTree ├── body-parser@1.18.2
95 silly currentTree ├── bson@1.0.4
95 silly currentTree ├── buffer-shims@1.0.0
95 silly currentTree ├── bytes@3.0.0
95 silly currentTree ├── content-disposition@0.5.2
95 silly currentTree ├── content-type@1.0.4
95 silly currentTree ├── cookie-signature@1.0.6
95 silly currentTree ├── cookie@0.3.1
95 silly currentTree ├── core-util-is@1.0.2
95 silly currentTree ├── debug@2.6.9
95 silly currentTree ├── depd@1.1.1
95 silly currentTree ├── destroy@1.0.4
95 silly currentTree ├── ee-first@1.1.1
95 silly currentTree ├── ejs@2.5.7
95 silly currentTree ├── encodeurl@1.0.1
95 silly currentTree ├── es6-promise@3.2.1
95 silly currentTree ├── escape-html@1.0.3
95 silly currentTree ├── etag@1.8.1
95 silly currentTree ├─┬ express@4.16.2
95 silly currentTree │ ├── setprototypeof@1.1.0
95 silly currentTree │ └── statuses@1.3.1
95 silly currentTree ├─┬ finalhandler@1.1.0
95 silly currentTree │ └── statuses@1.3.1
95 silly currentTree ├── forwarded@0.1.2
95 silly currentTree ├── fresh@0.5.2
95 silly currentTree ├── hooks-fixed@2.0.2
95 silly currentTree ├── http-errors@1.6.2
95 silly currentTree ├── iconv-lite@0.4.19
95 silly currentTree ├── inherits@2.0.3
95 silly currentTree ├── ipaddr.js@1.5.2
95 silly currentTree ├── isarray@1.0.0
95 silly currentTree ├── kareem@1.5.0
95 silly currentTree ├── lodash.get@4.4.2
95 silly currentTree ├── lodash@4.17.4
95 silly currentTree ├── media-typer@0.3.0
95 silly currentTree ├── merge-descriptors@1.0.1
95 silly currentTree ├── methods@1.1.2
95 silly currentTree ├── mime-db@1.30.0
95 silly currentTree ├── mime-types@2.1.17
95 silly currentTree ├── mime@1.4.1
95 silly currentTree ├── mongodb-core@2.1.17
95 silly currentTree ├── mongodb@2.2.33
95 silly currentTree ├── mongoose@4.13.6
95 silly currentTree ├── mpath@0.3.0
95 silly currentTree ├── mpromise@0.5.5
95 silly currentTree ├─┬ mquery@2.3.3
95 silly currentTree │ └── sliced@0.0.5
95 silly currentTree ├── ms@2.0.0
95 silly currentTree ├── muri@1.3.0
95 silly currentTree ├── negotiator@0.6.1
95 silly currentTree ├── nodejs@0.0.0
95 silly currentTree ├── on-finished@2.3.0
95 silly currentTree ├── parseurl@1.3.2
95 silly currentTree ├── path-to-regexp@0.1.7
95 silly currentTree ├── process-nextick-args@1.0.7
95 silly currentTree ├── proxy-addr@2.0.2
95 silly currentTree ├── qs@6.5.1
95 silly currentTree ├── range-parser@1.2.0
95 silly currentTree ├── raw-body@2.3.2
95 silly currentTree ├── readable-stream@2.2.7
95 silly currentTree ├── regexp-clone@0.0.1
95 silly currentTree ├── require_optional@1.0.1
95 silly currentTree ├── resolve-from@2.0.0
95 silly currentTree ├── safe-buffer@5.1.1
95 silly currentTree ├── semver@5.4.1
95 silly currentTree ├─┬ send@0.16.1
95 silly currentTree │ └── statuses@1.3.1
95 silly currentTree ├── serve-static@1.13.1
95 silly currentTree ├── setprototypeof@1.0.3
95 silly currentTree ├── sliced@1.0.1
95 silly currentTree ├── statuses@1.4.0
95 silly currentTree ├── string_decoder@1.0.3
95 silly currentTree ├── type-is@1.6.15
95 silly currentTree ├── unpipe@1.0.0
95 silly currentTree ├── util-deprecate@1.0.2
95 silly currentTree ├── utils-merge@1.0.1
95 silly currentTree └── vary@1.1.2
96 silly idealTree radicaleinward.github.io@1.0.0
96 silly idealTree ├── accepts@1.3.4
96 silly idealTree ├── array-flatten@1.1.1
96 silly idealTree ├── async@2.1.4
96 silly idealTree ├── bluebird@3.5.0
96 silly idealTree ├── body-parser@1.18.2
96 silly idealTree ├── bson@1.0.4
96 silly idealTree ├── buffer-shims@1.0.0
96 silly idealTree ├── bytes@3.0.0
96 silly idealTree ├── content-disposition@0.5.2
96 silly idealTree ├── content-type@1.0.4
96 silly idealTree ├── cookie-signature@1.0.6
96 silly idealTree ├── cookie@0.3.1
96 silly idealTree ├── core-util-is@1.0.2
96 silly idealTree ├── debug@2.6.9
96 silly idealTree ├── depd@1.1.1
96 silly idealTree ├── destroy@1.0.4
96 silly idealTree ├── ee-first@1.1.1
96 silly idealTree ├── ejs@2.5.7
96 silly idealTree ├── encodeurl@1.0.1
96 silly idealTree ├── es6-promise@3.2.1
96 silly idealTree ├── escape-html@1.0.3
96 silly idealTree ├── etag@1.8.1
96 silly idealTree ├─┬ express@4.16.2
96 silly idealTree │ ├── setprototypeof@1.1.0
96 silly idealTree │ └── statuses@1.3.1
96 silly idealTree ├─┬ finalhandler@1.1.0
96 silly idealTree │ └── statuses@1.3.1
96 silly idealTree ├── forwarded@0.1.2
96 silly idealTree ├── fresh@0.5.2
96 silly idealTree ├── hooks-fixed@2.0.2
96 silly idealTree ├── http-errors@1.6.2
96 silly idealTree ├── iconv-lite@0.4.19
96 silly idealTree ├── inherits@2.0.3
96 silly idealTree ├── ipaddr.js@1.5.2
96 silly idealTree ├── isarray@1.0.0
96 silly idealTree ├── kareem@1.5.0
96 silly idealTree ├── lodash.get@4.4.2
96 silly idealTree ├── lodash@4.17.4
96 silly idealTree ├── media-typer@0.3.0
96 silly idealTree ├── merge-descriptors@1.0.1
96 silly idealTree ├── methods@1.1.2
96 silly idealTree ├── mime-db@1.30.0
96 silly idealTree ├── mime-types@2.1.17
96 silly idealTree ├── mime@1.4.1
96 silly idealTree ├── mongodb-core@2.1.17
96 silly idealTree ├── mongodb@2.2.33
96 silly idealTree ├── mongoose@4.13.6
96 silly idealTree ├── mpath@0.3.0
96 silly idealTree ├── mpromise@0.5.5
96 silly idealTree ├─┬ mquery@2.3.3
96 silly idealTree │ └── sliced@0.0.5
96 silly idealTree ├── ms@2.0.0
96 silly idealTree ├── muri@1.3.0
96 silly idealTree ├── negotiator@0.6.1
96 silly idealTree ├── node-bin-setup@1.0.6
96 silly idealTree ├── node@9.2.0
96 silly idealTree ├── nodejs@0.0.0
96 silly idealTree ├── on-finished@2.3.0
96 silly idealTree ├── parseurl@1.3.2
96 silly idealTree ├── path-to-regexp@0.1.7
96 silly idealTree ├── process-nextick-args@1.0.7
96 silly idealTree ├── proxy-addr@2.0.2
96 silly idealTree ├── qs@6.5.1
96 silly idealTree ├── range-parser@1.2.0
96 silly idealTree ├── raw-body@2.3.2
96 silly idealTree ├── readable-stream@2.2.7
96 silly idealTree ├── regexp-clone@0.0.1
96 silly idealTree ├── require_optional@1.0.1
96 silly idealTree ├── resolve-from@2.0.0
96 silly idealTree ├── safe-buffer@5.1.1
96 silly idealTree ├── semver@5.4.1
96 silly idealTree ├─┬ send@0.16.1
96 silly idealTree │ └── statuses@1.3.1
96 silly idealTree ├── serve-static@1.13.1
96 silly idealTree ├── setprototypeof@1.0.3
96 silly idealTree ├── sliced@1.0.1
96 silly idealTree ├── statuses@1.4.0
96 silly idealTree ├── string_decoder@1.0.3
96 silly idealTree ├── type-is@1.6.15
96 silly idealTree ├── unpipe@1.0.0
96 silly idealTree ├── util-deprecate@1.0.2
96 silly idealTree ├── utils-merge@1.0.1
96 silly idealTree └── vary@1.1.2
97 silly generateActionsToTake Starting
98 silly install generateActionsToTake
99 silly generateActionsToTake Finishing
100 silly diffTrees action count 3
101 silly diffTrees update body-parser@1.18.2
102 silly diffTrees add node-bin-setup@1.0.6
103 silly diffTrees add node@9.2.0
104 silly decomposeActions action count 24
105 silly decomposeActions fetch body-parser@1.18.2
106 silly decomposeActions extract body-parser@1.18.2
107 silly decomposeActions test body-parser@1.18.2
108 silly decomposeActions preinstall body-parser@1.18.2
109 silly decomposeActions build body-parser@1.18.2
110 silly decomposeActions install body-parser@1.18.2
111 silly decomposeActions postinstall body-parser@1.18.2
112 silly decomposeActions finalize body-parser@1.18.2
113 silly decomposeActions fetch node-bin-setup@1.0.6
114 silly decomposeActions extract node-bin-setup@1.0.6
115 silly decomposeActions test node-bin-setup@1.0.6
116 silly decomposeActions preinstall node-bin-setup@1.0.6
117 silly decomposeActions build node-bin-setup@1.0.6
118 silly decomposeActions install node-bin-setup@1.0.6
119 silly decomposeActions postinstall node-bin-setup@1.0.6
120 silly decomposeActions finalize node-bin-setup@1.0.6
121 silly decomposeActions fetch node@9.2.0
122 silly decomposeActions extract node@9.2.0
123 silly decomposeActions test node@9.2.0
124 silly decomposeActions preinstall node@9.2.0
125 silly decomposeActions build node@9.2.0
126 silly decomposeActions install node@9.2.0
127 silly decomposeActions postinstall node@9.2.0
128 silly decomposeActions finalize node@9.2.0
129 silly executeActions Starting
130 silly install executeActions
131 silly doSerial global-install 0
132 silly doParallel fetch 3
133 verbose lock using /home/edw/.npm/_locks/staging-a53cee979bb23f0a.lock for /home/edw/radicaleinward.github.io/node_modules/.staging
134 silly doParallel extract 3
135 silly extract body-parser@1.18.2
136 silly extract node-bin-setup@1.0.6
137 silly extract node@9.2.0
138 verbose unbuild node_modules/.staging/body-parser-58e0a8ee
139 verbose unbuild node_modules/.staging/node-bin-setup-12516d55
140 verbose unbuild node_modules/.staging/node-9069738a
141 silly gentlyRm /home/edw/radicaleinward.github.io/node_modules/.staging/body-parser-58e0a8ee is being purged from base /home/edw/radicaleinward.github.io
142 verbose gentlyRm don't care about contents; nuking /home/edw/radicaleinward.github.io/node_modules/.staging/body-parser-58e0a8ee
143 silly gentlyRm /home/edw/radicaleinward.github.io/node_modules/.staging/node-bin-setup-12516d55 is being purged from base /home/edw/radicaleinward.github.io
144 verbose gentlyRm don't care about contents; nuking /home/edw/radicaleinward.github.io/node_modules/.staging/node-bin-setup-12516d55
145 verbose tar unpack /home/edw/.npm/body-parser/1.18.2/package.tgz
146 verbose tar unpacking to /home/edw/radicaleinward.github.io/node_modules/.staging/body-parser-58e0a8ee
147 silly gentlyRm /home/edw/radicaleinward.github.io/node_modules/.staging/body-parser-58e0a8ee is being purged
148 verbose gentlyRm don't care about contents; nuking /home/edw/radicaleinward.github.io/node_modules/.staging/body-parser-58e0a8ee
149 verbose tar unpack /home/edw/.npm/node-bin-setup/1.0.6/package.tgz
150 verbose tar unpacking to /home/edw/radicaleinward.github.io/node_modules/.staging/node-bin-setup-12516d55
151 silly gentlyRm /home/edw/radicaleinward.github.io/node_modules/.staging/node-bin-setup-12516d55 is being purged
152 verbose gentlyRm don't care about contents; nuking /home/edw/radicaleinward.github.io/node_modules/.staging/node-bin-setup-12516d55
153 silly gentlyRm /home/edw/radicaleinward.github.io/node_modules/.staging/node-9069738a is being purged from base /home/edw/radicaleinward.github.io
154 verbose gentlyRm don't care about contents; nuking /home/edw/radicaleinward.github.io/node_modules/.staging/node-9069738a
155 silly gunzTarPerm modes [ '775', '664' ]
156 silly gunzTarPerm modes [ '775', '664' ]
157 verbose tar unpack /home/edw/.npm/node/9.2.0/package.tgz
158 verbose tar unpacking to /home/edw/radicaleinward.github.io/node_modules/.staging/node-9069738a
159 silly gentlyRm /home/edw/radicaleinward.github.io/node_modules/.staging/node-9069738a is being purged
160 verbose gentlyRm don't care about contents; nuking /home/edw/radicaleinward.github.io/node_modules/.staging/node-9069738a
161 silly gunzTarPerm modes [ '775', '664' ]
162 silly gunzTarPerm extractEntry package.json
163 silly gunzTarPerm modified mode [ 'package.json', 438, 436 ]
164 silly gunzTarPerm extractEntry package.json
165 silly gunzTarPerm modified mode [ 'package.json', 420, 436 ]
166 silly gunzTarPerm extractEntry package.json
167 silly gunzTarPerm modified mode [ 'package.json', 420, 436 ]
168 silly gunzTarPerm extractEntry README.md
169 silly gunzTarPerm modified mode [ 'README.md', 438, 436 ]
170 silly gunzTarPerm extractEntry LICENSE
171 silly gunzTarPerm modified mode [ 'LICENSE', 438, 436 ]
172 silly gunzTarPerm extractEntry index.js
173 silly gunzTarPerm modified mode [ 'index.js', 438, 436 ]
174 silly gunzTarPerm extractEntry HISTORY.md
175 silly gunzTarPerm modified mode [ 'HISTORY.md', 438, 436 ]
176 silly gunzTarPerm extractEntry lib/read.js
177 silly gunzTarPerm modified mode [ 'lib/read.js', 438, 436 ]
178 silly gunzTarPerm extractEntry lib/types/json.js
179 silly gunzTarPerm modified mode [ 'lib/types/json.js', 438, 436 ]
180 silly gunzTarPerm extractEntry lib/types/raw.js
181 silly gunzTarPerm modified mode [ 'lib/types/raw.js', 438, 436 ]
182 silly gunzTarPerm extractEntry lib/types/text.js
183 silly gunzTarPerm modified mode [ 'lib/types/text.js', 438, 436 ]
184 silly gunzTarPerm extractEntry lib/types/urlencoded.js
185 silly gunzTarPerm modified mode [ 'lib/types/urlencoded.js', 438, 436 ]
186 silly gunzTarPerm extractEntry index.js
187 silly gunzTarPerm modified mode [ 'index.js', 420, 436 ]
188 silly gunzTarPerm extractEntry installArchSpecificPackage.js
189 silly gunzTarPerm modified mode [ 'installArchSpecificPackage.js', 420, 436 ]
190 silly gunzTarPerm extractEntry README.md
191 silly gunzTarPerm modified mode [ 'README.md', 420, 436 ]
192 silly gentlyRm /home/edw/radicaleinward.github.io/node_modules/.staging/node-bin-setup-12516d55/node_modules is being purged
193 verbose gentlyRm don't care about contents; nuking /home/edw/radicaleinward.github.io/node_modules/.staging/node-bin-setup-12516d55/node_modules
194 silly gentlyRm /home/edw/radicaleinward.github.io/node_modules/.staging/node-9069738a/node_modules is being purged
195 verbose gentlyRm don't care about contents; nuking /home/edw/radicaleinward.github.io/node_modules/.staging/node-9069738a/node_modules
196 silly gentlyRm /home/edw/radicaleinward.github.io/node_modules/.staging/body-parser-58e0a8ee/node_modules is being purged
197 verbose gentlyRm don't care about contents; nuking /home/edw/radicaleinward.github.io/node_modules/.staging/body-parser-58e0a8ee/node_modules
198 silly doParallel preinstall 3
199 silly preinstall body-parser@1.18.2 /home/edw/radicaleinward.github.io/node_modules/.staging/body-parser-58e0a8ee
200 info lifecycle body-parser@1.18.2~preinstall: body-parser@1.18.2
201 silly preinstall node-bin-setup@1.0.6 /home/edw/radicaleinward.github.io/node_modules/.staging/node-bin-setup-12516d55
202 info lifecycle node-bin-setup@1.0.6~preinstall: node-bin-setup@1.0.6
203 silly preinstall node@9.2.0 /home/edw/radicaleinward.github.io/node_modules/.staging/node-9069738a
204 info lifecycle node@9.2.0~preinstall: node@9.2.0
205 silly lifecycle body-parser@1.18.2~preinstall: no script for preinstall, continuing
206 silly lifecycle node-bin-setup@1.0.6~preinstall: no script for preinstall, continuing
207 verbose lifecycle node@9.2.0~preinstall: unsafe-perm in lifecycle true
208 verbose lifecycle node@9.2.0~preinstall: PATH: /usr/share/npm/bin/node-gyp-bin:/home/edw/radicaleinward.github.io/node_modules/.staging/node-9069738a/node_modules/.bin:/home/edw/radicaleinward.github.io/node_modules/.bin:/home/edw/bin:/home/edw/.local/bin:/home/edw/bin:/home/edw/.local/bin:/usr/local/sbin:/usr/local/bin:/usr/sbin:/usr/bin:/sbin:/bin:/usr/games:/usr/local/games:/snap/bin:/home/edw/.rvm/bin:/snap/bin:/home/edw/.rvm/bin:/home/edw/.rvm/bin
209 verbose lifecycle node@9.2.0~preinstall: CWD: /home/edw/radicaleinward.github.io/node_modules/.staging/node-9069738a
210 silly lifecycle node@9.2.0~preinstall: Args: [ '-c', 'node installArchSpecificPackage' ]
211 info lifecycle node@9.2.0~preinstall: Failed to exec preinstall script
212 verbose unlock done using /home/edw/.npm/_locks/staging-a53cee979bb23f0a.lock for /home/edw/radicaleinward.github.io/node_modules/.staging
213 silly rollbackFailedOptional Starting
214 silly rollbackFailedOptional Finishing
215 silly runTopLevelLifecycles Starting
216 silly runTopLevelLifecycles Finishing
217 silly install printInstalled
218 warn radicaleinward.github.io@1.0.0 No description
219 verbose stack Error: node@9.2.0 preinstall: `node installArchSpecificPackage`
219 verbose stack spawn ENOENT
219 verbose stack     at ChildProcess.<anonymous> (/usr/share/npm/lib/utils/spawn.js:17:16)
219 verbose stack     at emitTwo (events.js:87:13)
219 verbose stack     at ChildProcess.emit (events.js:172:7)
219 verbose stack     at maybeClose (internal/child_process.js:821:16)
219 verbose stack     at Process.ChildProcess._handle.onexit (internal/child_process.js:211:5)
220 verbose pkgid node@9.2.0
221 verbose cwd /home/edw/radicaleinward.github.io
222 error Linux 4.10.0-38-generic
223 error argv "/usr/bin/nodejs" "/usr/bin/npm" "install" "node"
224 error node v4.2.6
225 error npm  v3.5.2
226 error file sh
227 error code ELIFECYCLE
228 error errno ENOENT
229 error syscall spawn
230 error node@9.2.0 preinstall: `node installArchSpecificPackage`
230 error spawn ENOENT
231 error Failed at the node@9.2.0 preinstall script 'node installArchSpecificPackage'.
231 error Make sure you have the latest version of node.js and npm installed.
231 error If you do, this is most likely a problem with the node package,
231 error not with npm itself.
231 error Tell the author that this fails on your system:
231 error     node installArchSpecificPackage
231 error You can get information on how to open an issue for this project with:
231 error     npm bugs node
231 error Or if that isn't available, you can get their info via:
231 error     npm owner ls node
231 error There is likely additional logging output above.
232 verbose exit [ 1, true ]
